Drill Listing
=============
Drill: .035  Tool: 1  Feed: 197  Speed: 550
X 1926000  Y 1991000
X 1926000  Y 2001000
X 1926000  Y 2011000
X 1926000  Y 2021000
X 1926000  Y 2031000
X 1926000  Y 2041000
X 1926000  Y 2051000
X 1956000  Y 2051000
X 1956000  Y 2041000
X 1956000  Y 2031000
X 1956000  Y 2021000
X 1956000  Y 2011000
X 1956000  Y 2001000
X 1956000  Y 1991000
X 1966000  Y 1951000
X 1966000  Y 1941000
X 1966000  Y 1931000
X 1966000  Y 1921000
X 1966000  Y 1911000
X 1966000  Y 1901000
X 1966000  Y 1891000
X 1996000  Y 1891000
X 1996000  Y 1901000
X 1996000  Y 1911000
X 1996000  Y 1921000
X 1996000  Y 1931000
X 1996000  Y 1941000
X 1996000  Y 1951000
X 2061000  Y 2046000
X 2051000  Y 2046000
X 2041000  Y 2046000
X 2081000  Y 2046000
X 2071000  Y 2046000
X 2061000  Y 2016000
X 2041000  Y 2016000
X 2051000  Y 2016000
X 2071000  Y 2016000
X 2081000  Y 2016000
X 2086000  Y 1961000
X 2086000  Y 1951000
X 2086000  Y 1941000
X 2086000  Y 1931000
X 2086000  Y 1921000
X 2086000  Y 1911000
X 2086000  Y 1901000
X 2116000  Y 1901000
X 2116000  Y 1911000
X 2116000  Y 1921000
X 2116000  Y 1931000
X 2116000  Y 1941000
X 2116000  Y 1951000
X 2116000  Y 1961000
X 2091000  Y 2016000
X 2101000  Y 2016000
X 2101000  Y 2046000
X 2091000  Y 2046000

Drill: .037  Tool: 2  Feed: 197  Speed: 550
X 1936000  Y 1876000
X 1915000  Y 1880000
X 1933000  Y 1930000
X 1918000  Y 1954000
X 1926000  Y 1976000
X 1916000  Y 2016000
X 1916000  Y 2056000
X 1925000  Y 2060000
X 1965000  Y 2060000
X 1971000  Y 2051000
X 1971000  Y 2041000
X 1971000  Y 2031000
X 1971000  Y 2016000
X 1981000  Y 1991000
X 1960000  Y 1981000
X 1966000  Y 1976000
X 1966000  Y 1966000
X 1976000  Y 1876000
X 2011000  Y 1918000
X 2017000  Y 1930000
X 2036000  Y 1936000
X 2036000  Y 1946000
X 2036000  Y 1956000
X 2006000  Y 1966000
X 2036000  Y 1966000
X 2036000  Y 1976000
X 2036000  Y 1986000
X 2021000  Y 1991000
X 2036000  Y 1996000
X 2011000  Y 2016000
X 2011000  Y 2031000
X 2011000  Y 2041000
X 2011000  Y 2051000
X 2076000  Y 1996000
X 2076000  Y 1986000
X 2076000  Y 1976000
X 2076000  Y 1966000
X 2076000  Y 1956000
X 2076000  Y 1946000
X 2076000  Y 1936000
X 2051000  Y 1916000
X 2051000  Y 1876000
X 2081000  Y 1876000
X 2121000  Y 1876000
X 2136000  Y 1881000
X 2136000  Y 1921000
X 2136000  Y 1931000
X 2136000  Y 1971000
X 2136000  Y 1986000
X 2096000  Y 1986000
X 2146000  Y 1921000
X 2146000  Y 1881000

Drill: .052  Tool: 3  Feed: 107  Speed: 550
X 1890000  Y 1930000
X 1890000  Y 1950000
X 1890000  Y 1980000
X 1890000  Y 2000000
X 1890000  Y 2020000
X 1890000  Y 2050000
X 1890000  Y 2070000
X 1925000  Y 2080000
X 1945000  Y 2080000
X 1976000  Y 2080000
X 1996000  Y 2080000

End of Listing
